<?xml version="1.0" encoding="UTF-8"?>
<!-- Generated by org.testng.reporters.JUnitXMLReporter -->
<testsuite ignored="0" hostname="DESKTOP-VGOI0H2" failures="1" tests="27" name="Functional testing" time="484.408" errors="0" timestamp="2023-10-19T16:48:44 IST">
  <testcase classname="seleniumtest1.Merchant1registrationpage" name="open_url" time="24.281"/>
  <testcase classname="seleniumtest1.Merchant1registrationpage" name="useraccount_1" time="24.176"/>
  <testcase classname="seleniumtest1.Merchant1registrationpage" name="useraccount_2" time="16.47"/>
  <testcase classname="seleniumtest1.Frontreservation" name="open_url" time="2.387"/>
  <testcase classname="seleniumtest1.Frontreservation" name="openview_page" time="17.535">
    <failure type="org.openqa.selenium.ElementClickInterceptedException" message="element click intercepted: Element &amp;lt;div class=&amp;quot;icon-bx reservationAction blob&amp;quot; style=&amp;quot;#00b4b3&amp;quot;&amp;gt;...&amp;lt;/div&amp;gt; is not clickable at point (583, 388). Other element would receive the click: &amp;lt;img class=&amp;quot;bg_shadow_image&amp;quot; src=&amp;quot;/assets/images/national-day/middle_shadow.png&amp;quot; alt=&amp;quot;image&amp;quot;&amp;gt;
  (Session info: chrome=118.0.5993.71)
Build info: version: &amp;apos;4.13.0&amp;apos;, revision: &amp;apos;ba948ece5b*&amp;apos;
System info: os.name: &amp;apos;Windows 10&amp;apos;, os.arch: &amp;apos;amd64&amp;apos;, os.version: &amp;apos;10.0&amp;apos;, java.version: &amp;apos;20&amp;apos;
Driver info: org.openqa.selenium.chrome.ChromeDriver
Command: [e896e30805216499534139708686155d, clickElement {id=982E9B3AB387F26864B8A41C3EAB5376_element_50}]
Capabilities {acceptInsecureCerts: false, browserName: chrome, browserVersion: 118.0.5993.71, chrome: {chromedriverVersion: 118.0.5993.70 (e52f33f30b91..., userDataDir: C:\Users\Admin\AppData\Loca...}, fedcm:accounts: true, goog:chromeOptions: {debuggerAddress: localhost:53136}, networkConnectionEnabled: false, pageLoadStrategy: normal, platformName: windows, proxy: Proxy(), se:cdp: ws://localhost:53136/devtoo..., se:cdpVersion: 118.0.5993.71, setWindowRect: true, strictFileInteractability: false, timeouts: {implicit: 0, pageLoad: 300000, script: 30000}, unhandledPromptBehavior: dismiss and notify, webauthn:extension:credBlob: true, webauthn:extension:largeBlob: true, webauthn:extension:minPinLength: true, webauthn:extension:prf: true, webauthn:virtualAuthenticators: true}
Element: [[ChromeDriver: chrome on windows (e896e30805216499534139708686155d)] -&amp;gt; xpath: //*[@id=&amp;quot;tabs-links-full&amp;quot;]/li[3]/a/div]
Session ID: e896e30805216499534139708686155d">
      <![CDATA[org.openqa.selenium.ElementClickInterceptedException: element click intercepted: Element <div class="icon-bx reservationAction blob" style="#00b4b3">...</div> is not clickable at point (583, 388). Other element would receive the click: <img class="bg_shadow_image" src="/assets/images/national-day/middle_shadow.png" alt="image">
  (Session info: chrome=118.0.5993.71)
Build info: version: '4.13.0', revision: 'ba948ece5b*'
System info: os.name: 'Windows 10', os.arch: 'amd64', os.version: '10.0', java.version: '20'
Driver info: org.openqa.selenium.chrome.ChromeDriver
Command: [e896e30805216499534139708686155d, clickElement {id=982E9B3AB387F26864B8A41C3EAB5376_element_50}]
Capabilities {acceptInsecureCerts: false, browserName: chrome, browserVersion: 118.0.5993.71, chrome: {chromedriverVersion: 118.0.5993.70 (e52f33f30b91..., userDataDir: C:\Users\Admin\AppData\Loca...}, fedcm:accounts: true, goog:chromeOptions: {debuggerAddress: localhost:53136}, networkConnectionEnabled: false, pageLoadStrategy: normal, platformName: windows, proxy: Proxy(), se:cdp: ws://localhost:53136/devtoo..., se:cdpVersion: 118.0.5993.71, setWindowRect: true, strictFileInteractability: false, timeouts: {implicit: 0, pageLoad: 300000, script: 30000}, unhandledPromptBehavior: dismiss and notify, webauthn:extension:credBlob: true, webauthn:extension:largeBlob: true, webauthn:extension:minPinLength: true, webauthn:extension:prf: true, webauthn:virtualAuthenticators: true}
Element: [[ChromeDriver: chrome on windows (e896e30805216499534139708686155d)] -> xpath: //*[@id="tabs-links-full"]/li[3]/a/div]
Session ID: e896e30805216499534139708686155d
at org.openqa.selenium.remote.codec.w3c.W3CHttpResponseCodec.createException(W3CHttpResponseCodec.java:200)
at org.openqa.selenium.remote.codec.w3c.W3CHttpResponseCodec.decode(W3CHttpResponseCodec.java:133)
at org.openqa.selenium.remote.codec.w3c.W3CHttpResponseCodec.decode(W3CHttpResponseCodec.java:52)
at org.openqa.selenium.remote.HttpCommandExecutor.execute(HttpCommandExecutor.java:191)
at org.openqa.selenium.remote.service.DriverCommandExecutor.invokeExecute(DriverCommandExecutor.java:196)
at org.openqa.selenium.remote.service.DriverCommandExecutor.execute(DriverCommandExecutor.java:171)
at org.openqa.selenium.remote.RemoteWebDriver.execute(RemoteWebDriver.java:602)
at org.openqa.selenium.remote.RemoteWebElement.execute(RemoteWebElement.java:224)
at org.openqa.selenium.remote.RemoteWebElement.click(RemoteWebElement.java:77)
at seleniumtest1.Frontreservation.openview_page(Frontreservation.java:27)
at java.base/java.util.ArrayList.forEach(ArrayList.java:1511)
... Removed 28 stack frames]]>
    </failure>
  </testcase> <!-- openview_page -->
  <testcase classname="seleniumtest1.Todaymenuquick" name="open_url" time="3.635"/>
  <testcase classname="seleniumtest1.Todaymenuquick" name="opentoday_menu" time="26.838"/>
  <testcase classname="seleniumtest1.Todaymenuquick" name="opentoday_qucikmenu" time="4.308"/>
  <testcase classname="seleniumtest1.Eventbooking" name="open_url" time="21.974"/>
  <testcase classname="seleniumtest1.Eventbooking" name="openreservationpage" time="34.016"/>
  <testcase classname="seleniumtest1.Eventbooking" name="openreservationpage1" time="4.76"/>
  <testcase classname="seleniumtest1.Part1" name="open_url" time="13.641"/>
  <testcase classname="seleniumtest1.Part1" name="openpage" time="38.985"/>
  <testcase classname="seleniumtest1.Part1" name="registration" time="30.147"/>
  <testcase classname="seleniumtest1.Reviewpagetest" name="open_url" time="3.365"/>
  <testcase classname="seleniumtest1.Reviewpagetest" name="openview_page" time="33.016"/>
  <testcase classname="seleniumtest1.Reviewpagetest" name="cart_value" time="20.155"/>
  <testcase classname="seleniumtest1.Reviewpagetest" name="cart_payment" time="17.353"/>
  <testcase classname="seleniumtest1.Backendreservation1" name="open_url" time="6.847"/>
  <testcase classname="seleniumtest1.Backendreservation1" name="openreservationpage" time="35.307"/>
  <testcase classname="seleniumtest1.Backendreservation1" name="openreservationpage1" time="30.921"/>
  <testcase classname="seleniumtest1.Menumanagement" name="open_url" time="3.03"/>
  <testcase classname="seleniumtest1.Menumanagement" name="loginpage" time="37.734"/>
  <testcase classname="seleniumtest1.Menumanagement" name="menumanagement_menu" time="7.527"/>
  <testcase classname="seleniumtest1.Menumanagement" name="productadd" time="15.741"/>
  <testcase classname="seleniumtest1.Menumanagement" name="productadd1" time="8.072"/>
  <testcase classname="seleniumtest1.Menumanagement" name="productadd2" time="1.631"/>
</testsuite> <!-- Functional testing -->
